<?xml version="1.0" encoding="UTF-8"?>
<!-- Generated by org.testng.reporters.JUnitReportReporter -->
<testsuite skipped="0" hostname="DESKTOP-K40N5H6" name="Academy.NavigationBarValidation" tests="1" failures="0" timestamp="2020-09-30T02:53:18 IST" time="15.729" errors="0">
  <testcase name="getTitleValidation" time="15.729" classname="Academy.NavigationBarValidation"/>
  <system-out/>
</testsuite> <!-- Academy.NavigationBarValidation -->
