<?xml version="1.0" encoding="UTF-8"?>
<!-- Generated by org.testng.reporters.JUnitReportReporter -->
<testsuite skipped="0" hostname="DESKTOP-K40N5H6" name="Academy.HomePage" tests="2" failures="0" timestamp="2020-09-30T02:53:18 IST" time="21.662" errors="0">
  <testcase name="navigationDemo" time="10.640" classname="Academy.HomePage"/>
  <system-out/>
  <testcase name="navigationDemo" time="11.022" classname="Academy.HomePage"/>
  <system-out/>
</testsuite> <!-- Academy.HomePage -->
