<?xml version="1.0" encoding="UTF-8"?>
<!-- Generated by org.testng.reporters.JUnitReportReporter -->
<testsuite skipped="0" hostname="DESKTOP-K40N5H6" name="Academy.HomePage" tests="2" failures="0" timestamp="2020-10-02T01:12:40 IST" time="22.457" errors="0">
  <testcase name="navigationDemo" time="11.838" classname="Academy.HomePage"/>
  <system-out/>
  <testcase name="navigationDemo" time="10.619" classname="Academy.HomePage"/>
  <system-out/>
</testsuite> <!-- Academy.HomePage -->
