<?xml version="1.0" encoding="UTF-8"?>
<!-- Generated by org.testng.reporters.JUnitReportReporter -->
<testsuite skipped="0" hostname="DESKTOP-K40N5H6" name="Academy.ValidatingTitle" tests="1" failures="0" timestamp="2020-10-02T01:12:40 IST" time="11.894" errors="0">
  <testcase name="getTitleValidation" time="11.894" classname="Academy.ValidatingTitle"/>
  <system-out/>
</testsuite> <!-- Academy.ValidatingTitle -->
